<?xml version="1.0" encoding="UTF-8"?>
<!-- Generated by org.testng.reporters.JUnitReportReporter -->
<testsuite hostname="daojia-PC" name="com.daojia.qa.dwf.saveDailyRepaymentForm" tests="11" failures="0" timestamp="16 Jan 2018 10:19:29 GMT" time="2.777" errors="0">
  <testcase name="getsaveDailyRepaymentForm" time="0.611" classname="com.daojia.qa.dwf.saveDailyRepaymentForm"/>
  <testcase name="getsaveDailyRepaymentForm" time="0.167" classname="com.daojia.qa.dwf.saveDailyRepaymentForm"/>
  <testcase name="getsaveDailyRepaymentForm" time="0.182" classname="com.daojia.qa.dwf.saveDailyRepaymentForm"/>
  <testcase name="getsaveDailyRepaymentForm" time="0.672" classname="com.daojia.qa.dwf.saveDailyRepaymentForm"/>
  <testcase name="getsaveDailyRepaymentForm" time="0.158" classname="com.daojia.qa.dwf.saveDailyRepaymentForm"/>
  <testcase name="getsaveDailyRepaymentForm" time="0.142" classname="com.daojia.qa.dwf.saveDailyRepaymentForm"/>
  <testcase name="getsaveDailyRepaymentForm" time="0.159" classname="com.daojia.qa.dwf.saveDailyRepaymentForm"/>
  <testcase name="getsaveDailyRepaymentForm" time="0.177" classname="com.daojia.qa.dwf.saveDailyRepaymentForm"/>
  <testcase name="getsaveDailyRepaymentForm" time="0.188" classname="com.daojia.qa.dwf.saveDailyRepaymentForm"/>
  <testcase name="getsaveDailyRepaymentForm" time="0.152" classname="com.daojia.qa.dwf.saveDailyRepaymentForm"/>
  <testcase name="getsaveDailyRepaymentForm" time="0.169" classname="com.daojia.qa.dwf.saveDailyRepaymentForm"/>
</testsuite> <!-- com.daojia.qa.dwf.saveDailyRepaymentForm -->
