<?xml version="1.0" encoding="UTF-8"?>
<!-- Generated by org.testng.reporters.JUnitReportReporter -->
<testsuite hostname="daojia-PC" name="com.daojia.qa.dwf.saveRefundForm" tests="11" failures="0" timestamp="16 Jan 2018 10:19:29 GMT" time="1.554" errors="0">
  <testcase name="saveRefundForm1" time="0.133" classname="com.daojia.qa.dwf.saveRefundForm"/>
  <testcase name="saveRefundForm1" time="0.123" classname="com.daojia.qa.dwf.saveRefundForm"/>
  <testcase name="saveRefundForm1" time="0.139" classname="com.daojia.qa.dwf.saveRefundForm"/>
  <testcase name="saveRefundForm1" time="0.148" classname="com.daojia.qa.dwf.saveRefundForm"/>
  <testcase name="saveRefundForm1" time="0.141" classname="com.daojia.qa.dwf.saveRefundForm"/>
  <testcase name="saveRefundForm1" time="0.132" classname="com.daojia.qa.dwf.saveRefundForm"/>
  <testcase name="saveRefundForm1" time="0.139" classname="com.daojia.qa.dwf.saveRefundForm"/>
  <testcase name="saveRefundForm1" time="0.145" classname="com.daojia.qa.dwf.saveRefundForm"/>
  <testcase name="saveRefundForm1" time="0.145" classname="com.daojia.qa.dwf.saveRefundForm"/>
  <testcase name="saveRefundForm1" time="0.157" classname="com.daojia.qa.dwf.saveRefundForm"/>
  <testcase name="saveRefundForm1" time="0.152" classname="com.daojia.qa.dwf.saveRefundForm"/>
</testsuite> <!-- com.daojia.qa.dwf.saveRefundForm -->
