<?xml version="1.0" encoding="UTF-8"?>
<!-- Generated by org.testng.reporters.JUnitReportReporter -->
<testsuite hostname="daojia-PC" name="com.daojia.qa.dwf.saveTravelApplyForm" tests="16" failures="0" timestamp="16 Jan 2018 10:19:29 GMT" time="4.064" errors="0">
  <testcase name="saveTravelApplyForm1" time="0.136" classname="com.daojia.qa.dwf.saveTravelApplyForm"/>
  <testcase name="saveTravelApplyForm1" time="0.143" classname="com.daojia.qa.dwf.saveTravelApplyForm"/>
  <testcase name="saveTravelApplyForm1" time="0.158" classname="com.daojia.qa.dwf.saveTravelApplyForm"/>
  <testcase name="saveTravelApplyForm1" time="0.140" classname="com.daojia.qa.dwf.saveTravelApplyForm"/>
  <testcase name="saveTravelApplyForm1" time="0.133" classname="com.daojia.qa.dwf.saveTravelApplyForm"/>
  <testcase name="saveTravelApplyForm1" time="0.167" classname="com.daojia.qa.dwf.saveTravelApplyForm"/>
  <testcase name="saveTravelApplyForm1" time="0.169" classname="com.daojia.qa.dwf.saveTravelApplyForm"/>
  <testcase name="saveTravelApplyForm1" time="0.136" classname="com.daojia.qa.dwf.saveTravelApplyForm"/>
  <testcase name="saveTravelApplyForm1" time="0.940" classname="com.daojia.qa.dwf.saveTravelApplyForm"/>
  <testcase name="saveTravelApplyForm1" time="0.161" classname="com.daojia.qa.dwf.saveTravelApplyForm"/>
  <testcase name="saveTravelApplyForm1" time="0.175" classname="com.daojia.qa.dwf.saveTravelApplyForm"/>
  <testcase name="saveTravelApplyForm1" time="0.998" classname="com.daojia.qa.dwf.saveTravelApplyForm"/>
  <testcase name="saveTravelApplyForm1" time="0.133" classname="com.daojia.qa.dwf.saveTravelApplyForm"/>
  <testcase name="saveTravelApplyForm1" time="0.145" classname="com.daojia.qa.dwf.saveTravelApplyForm"/>
  <testcase name="saveTravelApplyForm1" time="0.138" classname="com.daojia.qa.dwf.saveTravelApplyForm"/>
  <testcase name="saveTravelApplyForm1" time="0.192" classname="com.daojia.qa.dwf.saveTravelApplyForm"/>
</testsuite> <!-- com.daojia.qa.dwf.saveTravelApplyForm -->
