<?xml version="1.0" encoding="UTF-8"?>
<!-- Generated by org.testng.reporters.JUnitReportReporter -->
<testsuite hostname="daojia-PC" name="com.daojia.qa.dwf.travelForm" tests="1" failures="0" timestamp="20 Jan 2018 07:56:34 GMT" time="0.091" errors="0">
  <testcase name="getTraveFormForSuper" time="0.091" classname="com.daojia.qa.dwf.travelForm"/>
</testsuite> <!-- com.daojia.qa.dwf.travelForm -->
