<?xml version="1.0" encoding="UTF-8"?>
<!-- Generated by org.testng.reporters.JUnitReportReporter -->
<testsuite hostname="daojia-PC" name="com.daojia.qa.dwf.SubmitFormAll" tests="8" failures="0" timestamp="10 Nov 2017 04:00:47 GMT" time="1.256" errors="0">
  <testcase name="submitPersonalBorrowform" time="0.081" classname="com.daojia.qa.dwf.SubmitFormAll"/>
  <testcase name="submitToPublicPayForm" time="0.094" classname="com.daojia.qa.dwf.SubmitFormAll"/>
  <testcase name="submittravelrepaymentform" time="0.089" classname="com.daojia.qa.dwf.SubmitFormAll"/>
  <testcase name="submitContractApproveForm" time="0.088" classname="com.daojia.qa.dwf.SubmitFormAll"/>
  <testcase name="submitDailyRepaymentForm" time="0.091" classname="com.daojia.qa.dwf.SubmitFormAll"/>
  <testcase name="dailyRepaymentForm" time="0.611" classname="com.daojia.qa.dwf.SubmitFormAll"/>
  <testcase name="submitRefundForm" time="0.103" classname="com.daojia.qa.dwf.SubmitFormAll"/>
  <testcase name="travelapplyformold" time="0.099" classname="com.daojia.qa.dwf.SubmitFormAll"/>
</testsuite> <!-- com.daojia.qa.dwf.SubmitFormAll -->
