<?xml version="1.0" encoding="UTF-8"?>
<!-- Generated by org.testng.reporters.JUnitReportReporter -->
<testsuite hostname="daojia-PC" name="com.daojia.qa.dwf.submitTravelRepaymentForm" tests="58" failures="0" timestamp="16 Jan 2018 10:21:16 GMT" time="28.906" errors="0">
  <testcase name="submitTravelRepaymentForm1" time="0.174" classname="com.daojia.qa.dwf.submitTravelRepaymentForm"/>
  <testcase name="submitTravelRepaymentForm1" time="1.070" classname="com.daojia.qa.dwf.submitTravelRepaymentForm"/>
  <testcase name="submitTravelRepaymentForm1" time="0.150" classname="com.daojia.qa.dwf.submitTravelRepaymentForm"/>
  <testcase name="submitTravelRepaymentForm1" time="0.218" classname="com.daojia.qa.dwf.submitTravelRepaymentForm"/>
  <testcase name="submitTravelRepaymentForm1" time="1.263" classname="com.daojia.qa.dwf.submitTravelRepaymentForm"/>
  <testcase name="submitTravelRepaymentForm1" time="0.170" classname="com.daojia.qa.dwf.submitTravelRepaymentForm"/>
  <testcase name="submitTravelRepaymentForm1" time="1.112" classname="com.daojia.qa.dwf.submitTravelRepaymentForm"/>
  <testcase name="submitTravelRepaymentForm1" time="0.586" classname="com.daojia.qa.dwf.submitTravelRepaymentForm"/>
  <testcase name="submitTravelRepaymentForm1" time="0.154" classname="com.daojia.qa.dwf.submitTravelRepaymentForm"/>
  <testcase name="submitTravelRepaymentForm1" time="0.162" classname="com.daojia.qa.dwf.submitTravelRepaymentForm"/>
  <testcase name="submitTravelRepaymentForm1" time="0.167" classname="com.daojia.qa.dwf.submitTravelRepaymentForm"/>
  <testcase name="submitTravelRepaymentForm1" time="0.590" classname="com.daojia.qa.dwf.submitTravelRepaymentForm"/>
  <testcase name="submitTravelRepaymentForm1" time="0.604" classname="com.daojia.qa.dwf.submitTravelRepaymentForm"/>
  <testcase name="submitTravelRepaymentForm1" time="0.161" classname="com.daojia.qa.dwf.submitTravelRepaymentForm"/>
  <testcase name="submitTravelRepaymentForm1" time="0.153" classname="com.daojia.qa.dwf.submitTravelRepaymentForm"/>
  <testcase name="submitTravelRepaymentForm1" time="1.045" classname="com.daojia.qa.dwf.submitTravelRepaymentForm"/>
  <testcase name="submitTravelRepaymentForm1" time="0.044" classname="com.daojia.qa.dwf.submitTravelRepaymentForm"/>
  <testcase name="submitTravelRepaymentForm1" time="0.596" classname="com.daojia.qa.dwf.submitTravelRepaymentForm"/>
  <testcase name="submitTravelRepaymentForm1" time="1.097" classname="com.daojia.qa.dwf.submitTravelRepaymentForm"/>
  <testcase name="submitTravelRepaymentForm1" time="0.155" classname="com.daojia.qa.dwf.submitTravelRepaymentForm"/>
  <testcase name="submitTravelRepaymentForm1" time="0.158" classname="com.daojia.qa.dwf.submitTravelRepaymentForm"/>
  <testcase name="submitTravelRepaymentForm1" time="0.636" classname="com.daojia.qa.dwf.submitTravelRepaymentForm"/>
  <testcase name="submitTravelRepaymentForm1" time="0.639" classname="com.daojia.qa.dwf.submitTravelRepaymentForm"/>
  <testcase name="submitTravelRepaymentForm1" time="0.638" classname="com.daojia.qa.dwf.submitTravelRepaymentForm"/>
  <testcase name="submitTravelRepaymentForm1" time="1.103" classname="com.daojia.qa.dwf.submitTravelRepaymentForm"/>
  <testcase name="submitTravelRepaymentForm1" time="0.718" classname="com.daojia.qa.dwf.submitTravelRepaymentForm"/>
  <testcase name="submitTravelRepaymentForm1" time="1.032" classname="com.daojia.qa.dwf.submitTravelRepaymentForm"/>
  <testcase name="submitTravelRepaymentForm1" time="0.174" classname="com.daojia.qa.dwf.submitTravelRepaymentForm"/>
  <testcase name="submitTravelRepaymentForm1" time="0.155" classname="com.daojia.qa.dwf.submitTravelRepaymentForm"/>
  <testcase name="submitTravelRepaymentForm1" time="0.603" classname="com.daojia.qa.dwf.submitTravelRepaymentForm"/>
  <testcase name="submitTravelRepaymentForm1" time="0.607" classname="com.daojia.qa.dwf.submitTravelRepaymentForm"/>
  <testcase name="submitTravelRepaymentForm1" time="0.616" classname="com.daojia.qa.dwf.submitTravelRepaymentForm"/>
  <testcase name="submitTravelRepaymentForm1" time="1.104" classname="com.daojia.qa.dwf.submitTravelRepaymentForm"/>
  <testcase name="submitTravelRepaymentForm1" time="0.453" classname="com.daojia.qa.dwf.submitTravelRepaymentForm"/>
  <testcase name="submitTravelRepaymentForm1" time="0.610" classname="com.daojia.qa.dwf.submitTravelRepaymentForm"/>
  <testcase name="submitTravelRepaymentForm1" time="0.622" classname="com.daojia.qa.dwf.submitTravelRepaymentForm"/>
  <testcase name="submitTravelRepaymentForm1" time="0.629" classname="com.daojia.qa.dwf.submitTravelRepaymentForm"/>
  <testcase name="submitTravelRepaymentForm1" time="0.157" classname="com.daojia.qa.dwf.submitTravelRepaymentForm"/>
  <testcase name="submitTravelRepaymentForm1" time="0.181" classname="com.daojia.qa.dwf.submitTravelRepaymentForm"/>
  <testcase name="submitTravelRepaymentForm1" time="1.024" classname="com.daojia.qa.dwf.submitTravelRepaymentForm"/>
  <testcase name="submitTravelRepaymentForm1" time="0.041" classname="com.daojia.qa.dwf.submitTravelRepaymentForm"/>
  <testcase name="submitTravelRepaymentForm1" time="0.207" classname="com.daojia.qa.dwf.submitTravelRepaymentForm"/>
  <testcase name="submitTravelRepaymentForm1" time="0.166" classname="com.daojia.qa.dwf.submitTravelRepaymentForm"/>
  <testcase name="submitTravelRepaymentForm1" time="0.619" classname="com.daojia.qa.dwf.submitTravelRepaymentForm"/>
  <testcase name="submitTravelRepaymentForm1" time="0.625" classname="com.daojia.qa.dwf.submitTravelRepaymentForm"/>
  <testcase name="submitTravelRepaymentForm1" time="0.673" classname="com.daojia.qa.dwf.submitTravelRepaymentForm"/>
  <testcase name="submitTravelRepaymentForm1" time="0.162" classname="com.daojia.qa.dwf.submitTravelRepaymentForm"/>
  <testcase name="submitTravelRepaymentForm1" time="0.151" classname="com.daojia.qa.dwf.submitTravelRepaymentForm"/>
  <testcase name="submitTravelRepaymentForm1" time="0.166" classname="com.daojia.qa.dwf.submitTravelRepaymentForm"/>
  <testcase name="submitTravelRepaymentForm1" time="0.611" classname="com.daojia.qa.dwf.submitTravelRepaymentForm"/>
  <testcase name="submitTravelRepaymentForm1" time="1.081" classname="com.daojia.qa.dwf.submitTravelRepaymentForm"/>
  <testcase name="submitTravelRepaymentForm1" time="0.152" classname="com.daojia.qa.dwf.submitTravelRepaymentForm"/>
  <testcase name="submitTravelRepaymentForm1" time="0.588" classname="com.daojia.qa.dwf.submitTravelRepaymentForm"/>
  <testcase name="submitTravelRepaymentForm1" time="0.601" classname="com.daojia.qa.dwf.submitTravelRepaymentForm"/>
  <testcase name="submitTravelRepaymentForm1" time="0.142" classname="com.daojia.qa.dwf.submitTravelRepaymentForm"/>
  <testcase name="submitTravelRepaymentForm1" time="0.616" classname="com.daojia.qa.dwf.submitTravelRepaymentForm"/>
  <testcase name="submitTravelRepaymentForm1" time="0.610" classname="com.daojia.qa.dwf.submitTravelRepaymentForm"/>
  <testcase name="submitTravelRepaymentForm1" time="0.165" classname="com.daojia.qa.dwf.submitTravelRepaymentForm"/>
</testsuite> <!-- com.daojia.qa.dwf.submitTravelRepaymentForm -->
