<?xml version="1.0" encoding="UTF-8"?>
<!-- Generated by org.testng.reporters.JUnitReportReporter -->
<testsuite hostname="daojia-PC" name="com.daojia.qa.dwf.submitStampForm" tests="2" failures="0" timestamp="28 Mar 2018 11:04:54 GMT" time="2.396" errors="0">
  <testcase name="submitStampForm1" time="0.917" classname="com.daojia.qa.dwf.submitStampForm"/>
  <testcase name="submitStampForm1" time="1.479" classname="com.daojia.qa.dwf.submitStampForm"/>
</testsuite> <!-- com.daojia.qa.dwf.submitStampForm -->
