<?xml version="1.0" encoding="UTF-8"?>
<!-- Generated by org.testng.reporters.JUnitReportReporter -->
<testsuite hostname="daojia-PC" name="com.daojia.qa.dwf.submitSpendingContractApplymentFormFlow" tests="2" failures="0" timestamp="3 Apr 2018 03:38:30 GMT" time="1.915" errors="0">
  <testcase name="submitSpendingContractApplymentForm" time="0.789" classname="com.daojia.qa.dwf.submitSpendingContractApplymentFormFlow"/>
  <testcase name="approveTravelApplyFormIsAgreen1" time="1.126" classname="com.daojia.qa.dwf.submitSpendingContractApplymentFormFlow"/>
</testsuite> <!-- com.daojia.qa.dwf.submitSpendingContractApplymentFormFlow -->
