<?xml version="1.0" encoding="UTF-8"?>
<!-- Generated by org.testng.reporters.JUnitReportReporter -->
<testsuite hostname="daojia-PC" name="com.daojia.qa.dwf.travelRepaymentFormFlow" tests="6" failures="0" timestamp="24 Nov 2017 11:20:22 GMT" time="6.706" errors="0">
  <testcase name="submitTravelRepaymentForm" time="0.744" classname="com.daojia.qa.dwf.travelRepaymentFormFlow"/>
  <testcase name="approveTravelApplyFormIsAgreen1" time="0.565" classname="com.daojia.qa.dwf.travelRepaymentFormFlow"/>
  <testcase name="submitTravelApplyForm" time="0.772" classname="com.daojia.qa.dwf.travelRepaymentFormFlow"/>
  <testcase name="approveTravelRepaymentFormIsNoAgreen" time="1.714" classname="com.daojia.qa.dwf.travelRepaymentFormFlow"/>
  <testcase name="recallMySubmitTravelRepaymentForm" time="1.744" classname="com.daojia.qa.dwf.travelRepaymentFormFlow"/>
  <testcase name="approveTravelRepaymentFormIsAgreen1" time="1.167" classname="com.daojia.qa.dwf.travelRepaymentFormFlow"/>
</testsuite> <!-- com.daojia.qa.dwf.travelRepaymentFormFlow -->
