<?xml version="1.0" encoding="UTF-8"?>
<!-- Generated by org.testng.reporters.JUnitReportReporter -->
<testsuite hostname="daojia-PC" name="com.daojia.qa.dwf.submitBudegtSupplementForm" tests="12" failures="0" timestamp="16 Jan 2018 10:21:16 GMT" time="5.520" errors="0">
  <testcase name="submitBudegtSupplementForm1" time="0.550" classname="com.daojia.qa.dwf.submitBudegtSupplementForm"/>
  <testcase name="submitBudegtSupplementForm1" time="0.918" classname="com.daojia.qa.dwf.submitBudegtSupplementForm"/>
  <testcase name="submitBudegtSupplementForm1" time="0.113" classname="com.daojia.qa.dwf.submitBudegtSupplementForm"/>
  <testcase name="submitBudegtSupplementForm1" time="0.977" classname="com.daojia.qa.dwf.submitBudegtSupplementForm"/>
  <testcase name="submitBudegtSupplementForm1" time="0.106" classname="com.daojia.qa.dwf.submitBudegtSupplementForm"/>
  <testcase name="submitBudegtSupplementForm1" time="0.511" classname="com.daojia.qa.dwf.submitBudegtSupplementForm"/>
  <testcase name="submitBudegtSupplementForm1" time="0.113" classname="com.daojia.qa.dwf.submitBudegtSupplementForm"/>
  <testcase name="submitBudegtSupplementForm1" time="0.502" classname="com.daojia.qa.dwf.submitBudegtSupplementForm"/>
  <testcase name="submitBudegtSupplementForm1" time="0.555" classname="com.daojia.qa.dwf.submitBudegtSupplementForm"/>
  <testcase name="submitBudegtSupplementForm1" time="0.556" classname="com.daojia.qa.dwf.submitBudegtSupplementForm"/>
  <testcase name="submitBudegtSupplementForm1" time="0.116" classname="com.daojia.qa.dwf.submitBudegtSupplementForm"/>
  <testcase name="submitBudegtSupplementForm1" time="0.503" classname="com.daojia.qa.dwf.submitBudegtSupplementForm"/>
</testsuite> <!-- com.daojia.qa.dwf.submitBudegtSupplementForm -->
