<?xml version="1.0" encoding="UTF-8"?>
<!-- Generated by org.testng.reporters.JUnitReportReporter -->
<testsuite hostname="daojia-PC" name="com.daojia.qa.dwf.refundFormNewFlow" tests="4" failures="0" timestamp="15 Jan 2018 02:45:12 GMT" time="2.402" errors="0">
  <testcase name="submitRefundForm1" time="0.643" classname="com.daojia.qa.dwf.refundFormNewFlow"/>
  <testcase name="approveRefundFormSignFJK" time="1.003" classname="com.daojia.qa.dwf.refundFormNewFlow"/>
  <testcase name="approveRefundFormIsReject1" time="0.406" classname="com.daojia.qa.dwf.refundFormNewFlow"/>
  <testcase name="approveRefundFormIsAgreen1" time="0.350" classname="com.daojia.qa.dwf.refundFormNewFlow"/>
</testsuite> <!-- com.daojia.qa.dwf.refundFormNewFlow -->
