<?xml version="1.0" encoding="UTF-8"?>
<!-- Generated by org.testng.reporters.JUnitReportReporter -->
<testsuite hostname="daojia-PC" name="com.daojia.qa.dwf.submitIncomeContrApplymentForm" tests="1" failures="0" timestamp="7 Feb 2018 08:01:03 GMT" time="1.455" errors="0">
  <testcase name="submitIncomeContrApplymentForm1" time="1.455" classname="com.daojia.qa.dwf.submitIncomeContrApplymentForm"/>
</testsuite> <!-- com.daojia.qa.dwf.submitIncomeContrApplymentForm -->
