<?xml version="1.0" encoding="UTF-8"?>
<!-- Generated by org.testng.reporters.JUnitReportReporter -->
<testsuite hostname="daojia-PC" name="com.daojia.qa.dwf.GetMattersType" tests="1" failures="0" timestamp="28 Mar 2018 10:16:13 GMT" time="0.727" errors="0">
  <testcase name="submitGetMattersType1" time="0.727" classname="com.daojia.qa.dwf.GetMattersType"/>
</testsuite> <!-- com.daojia.qa.dwf.GetMattersType -->
