<?xml version="1.0" encoding="UTF-8"?>
<!-- Generated by org.testng.reporters.JUnitReportReporter -->
<testsuite hostname="daojia-PC" name="com.daojia.qa.dwf.travelRepaymentFormNewFlow" tests="4" failures="0" timestamp="30 Jan 2018 11:26:10 GMT" time="5.137" errors="0">
  <testcase name="submitTravelRepaymentForm1" time="1.959" classname="com.daojia.qa.dwf.travelRepaymentFormNewFlow"/>
  <testcase name="approveTravelRepaymentFormIsReject1" time="0.459" classname="com.daojia.qa.dwf.travelRepaymentFormNewFlow"/>
  <testcase name="approveTravelRepaymentFormSignFJK" time="1.214" classname="com.daojia.qa.dwf.travelRepaymentFormNewFlow"/>
  <testcase name="approveTravelRepaymentFormIsAgreen1" time="1.505" classname="com.daojia.qa.dwf.travelRepaymentFormNewFlow"/>
</testsuite> <!-- com.daojia.qa.dwf.travelRepaymentFormNewFlow -->
