<?xml version="1.0" encoding="UTF-8"?>
<!-- Generated by org.testng.reporters.JUnitReportReporter -->
<testsuite hostname="daojia-PC" name="com.daojia.qa.dwf.BudgetServiceOfCheckBudgetAmount" tests="1" failures="0" timestamp="2 Feb 2018 02:44:33 GMT" time="0.517" errors="0">
  <testcase name="checkBudgetAmount" time="0.517" classname="com.daojia.qa.dwf.BudgetServiceOfCheckBudgetAmount"/>
</testsuite> <!-- com.daojia.qa.dwf.BudgetServiceOfCheckBudgetAmount -->
