<?xml version="1.0" encoding="UTF-8"?>
<!-- Generated by org.testng.reporters.JUnitReportReporter -->
<testsuite hostname="daojia-PC" name="com.daojia.qa.dwf.saveInvoiceApplyForm" tests="1" failures="0" timestamp="2 Apr 2018 06:26:11 GMT" time="0.734" errors="0">
  <testcase name="saveInvoiceApplyForm1" time="0.734" classname="com.daojia.qa.dwf.saveInvoiceApplyForm"/>
</testsuite> <!-- com.daojia.qa.dwf.saveInvoiceApplyForm -->
