<?xml version="1.0" encoding="UTF-8"?>
<!-- Generated by org.testng.reporters.JUnitReportReporter -->
<testsuite hostname="daojia-PC" name="com.daojia.qa.dwf.Getbuttons" tests="5" failures="0" timestamp="16 Jan 2018 10:25:54 GMT" time="1.075" errors="0">
  <testcase name="getButtons" time="0.148" classname="com.daojia.qa.dwf.Getbuttons"/>
  <testcase name="getButtons" time="0.120" classname="com.daojia.qa.dwf.Getbuttons"/>
  <testcase name="getButtons" time="0.514" classname="com.daojia.qa.dwf.Getbuttons"/>
  <testcase name="getButtons" time="0.126" classname="com.daojia.qa.dwf.Getbuttons"/>
  <testcase name="getButtons" time="0.167" classname="com.daojia.qa.dwf.Getbuttons"/>
</testsuite> <!-- com.daojia.qa.dwf.Getbuttons -->
