<?xml version="1.0" encoding="UTF-8"?>
<!-- Generated by org.testng.reporters.JUnitReportReporter -->
<testsuite hostname="daojia-PC" name="com.daojia.qa.dwf.personalBorrowFormFlow" tests="4" failures="0" timestamp="24 Nov 2017 11:20:22 GMT" time="3.341" errors="0">
  <testcase name="approvePersonalBorrowFormIsNoAgreen" time="1.143" classname="com.daojia.qa.dwf.personalBorrowFormFlow"/>
  <testcase name="personalBorrowFormIsAgreen1" time="0.435" classname="com.daojia.qa.dwf.personalBorrowFormFlow"/>
  <testcase name="recallMySubmitPersonalBorrowForm" time="1.044" classname="com.daojia.qa.dwf.personalBorrowFormFlow"/>
  <testcase name="submitPersonalBorrowForm" time="0.719" classname="com.daojia.qa.dwf.personalBorrowFormFlow"/>
</testsuite> <!-- com.daojia.qa.dwf.personalBorrowFormFlow -->
