<?xml version="1.0" encoding="UTF-8"?>
<!-- Generated by org.testng.reporters.JUnitReportReporter -->
<testsuite hostname="daojia-PC" name="com.daojia.qa.dwf.FormOfGetFormBaseInfo" tests="1" failures="0" timestamp="28 Mar 2018 10:30:37 GMT" time="0.904" errors="0">
  <testcase name="getFormBaseInfo" time="0.904" classname="com.daojia.qa.dwf.FormOfGetFormBaseInfo"/>
</testsuite> <!-- com.daojia.qa.dwf.FormOfGetFormBaseInfo -->
