<?xml version="1.0" encoding="UTF-8"?>
<!-- Generated by org.testng.reporters.JUnitReportReporter -->
<testsuite hostname="daojia-PC" name="com.daojia.qa.dwf.budgetSupplementFormNewFlow" tests="4" failures="0" timestamp="15 Jan 2018 02:45:12 GMT" time="2.869" errors="0">
  <testcase name="approveBudegtSupplementFormIsReject1" time="0.457" classname="com.daojia.qa.dwf.budgetSupplementFormNewFlow"/>
  <testcase name="submitBudegtSupplementForm1" time="0.537" classname="com.daojia.qa.dwf.budgetSupplementFormNewFlow"/>
  <testcase name="approveBudegtSupplementFormIsAgreen1" time="1.000" classname="com.daojia.qa.dwf.budgetSupplementFormNewFlow"/>
  <testcase name="approveBudegtSupplementFormSignFJK" time="0.875" classname="com.daojia.qa.dwf.budgetSupplementFormNewFlow"/>
</testsuite> <!-- com.daojia.qa.dwf.budgetSupplementFormNewFlow -->
