<?xml version="1.0" encoding="UTF-8"?>
<!-- Generated by org.testng.reporters.JUnitReportReporter -->
<testsuite hostname="daojia-PC" name="com.daojia.qa.dwf.submitToPublicContractApplymentForm" tests="1" failures="0" timestamp="3 Apr 2018 08:15:44 GMT" time="1.519" errors="0">
  <testcase name="submitToPublicContractApplymentForm1" time="1.519" classname="com.daojia.qa.dwf.submitToPublicContractApplymentForm"/>
</testsuite> <!-- com.daojia.qa.dwf.submitToPublicContractApplymentForm -->
