<?xml version="1.0" encoding="UTF-8"?>
<!-- Generated by org.testng.reporters.JUnitReportReporter -->
<testsuite hostname="daojia-PC" name="com.daojia.qa.dwf.savePersonalBorrowForm" tests="12" failures="0" timestamp="16 Jan 2018 10:19:29 GMT" time="1.737" errors="0">
  <testcase name="savePersonalBorrowForm1" time="0.134" classname="com.daojia.qa.dwf.savePersonalBorrowForm"/>
  <testcase name="savePersonalBorrowForm1" time="0.156" classname="com.daojia.qa.dwf.savePersonalBorrowForm"/>
  <testcase name="savePersonalBorrowForm1" time="0.133" classname="com.daojia.qa.dwf.savePersonalBorrowForm"/>
  <testcase name="savePersonalBorrowForm1" time="0.158" classname="com.daojia.qa.dwf.savePersonalBorrowForm"/>
  <testcase name="savePersonalBorrowForm1" time="0.141" classname="com.daojia.qa.dwf.savePersonalBorrowForm"/>
  <testcase name="savePersonalBorrowForm1" time="0.158" classname="com.daojia.qa.dwf.savePersonalBorrowForm"/>
  <testcase name="savePersonalBorrowForm1" time="0.144" classname="com.daojia.qa.dwf.savePersonalBorrowForm"/>
  <testcase name="savePersonalBorrowForm1" time="0.126" classname="com.daojia.qa.dwf.savePersonalBorrowForm"/>
  <testcase name="savePersonalBorrowForm1" time="0.172" classname="com.daojia.qa.dwf.savePersonalBorrowForm"/>
  <testcase name="savePersonalBorrowForm1" time="0.136" classname="com.daojia.qa.dwf.savePersonalBorrowForm"/>
  <testcase name="savePersonalBorrowForm1" time="0.147" classname="com.daojia.qa.dwf.savePersonalBorrowForm"/>
  <testcase name="savePersonalBorrowForm1" time="0.132" classname="com.daojia.qa.dwf.savePersonalBorrowForm"/>
</testsuite> <!-- com.daojia.qa.dwf.savePersonalBorrowForm -->
