<?xml version="1.0" encoding="UTF-8"?>
<!-- Generated by org.testng.reporters.JUnitReportReporter -->
<testsuite hostname="daojia-PC" name="com.daojia.qa.dwf.CostCenterServiceOfGetListByNameOrPinyin" tests="3" failures="0" timestamp="18 Jan 2018 07:31:15 GMT" time="2.266" errors="0">
  <testcase name="getListByNameOrPinyin" time="0.138" classname="com.daojia.qa.dwf.CostCenterServiceOfGetListByNameOrPinyin"/>
  <testcase name="getListByNameOrPinyin" time="0.129" classname="com.daojia.qa.dwf.CostCenterServiceOfGetListByNameOrPinyin"/>
  <testcase name="getListByNameOrPinyin" time="1.999" classname="com.daojia.qa.dwf.CostCenterServiceOfGetListByNameOrPinyin"/>
</testsuite> <!-- com.daojia.qa.dwf.CostCenterServiceOfGetListByNameOrPinyin -->
