<?xml version="1.0" encoding="UTF-8"?>
<!-- Generated by org.testng.reporters.JUnitReportReporter -->
<testsuite hostname="daojia-PC" name="com.daojia.qa.dwf.AccountSettingController" tests="1" failures="0" timestamp="9 Oct 2017 06:09:07 GMT" time="0.735" errors="0">
  <testcase name="saveCostSubjects" time="0.735" classname="com.daojia.qa.dwf.AccountSettingController"/>
</testsuite> <!-- com.daojia.qa.dwf.AccountSettingController -->
