<?xml version="1.0" encoding="UTF-8"?>
<!-- Generated by org.testng.reporters.JUnitReportReporter -->
<testsuite hostname="daojia-PC" name="com.daojia.qa.dwf.submitCooperationContrApplymentForm" tests="1" failures="0" timestamp="5 Mar 2018 03:24:49 GMT" time="1.574" errors="0">
  <testcase name="submitCooperationContrApplymentForm1" time="1.574" classname="com.daojia.qa.dwf.submitCooperationContrApplymentForm"/>
</testsuite> <!-- com.daojia.qa.dwf.submitCooperationContrApplymentForm -->
