<?xml version="1.0" encoding="UTF-8"?>
<!-- Generated by org.testng.reporters.JUnitReportReporter -->
<testsuite hostname="daojia-PC" name="com.daojia.qa.dwf.BudgetServiceOfGetListByCondition" tests="11" failures="0" timestamp="16 Jan 2018 10:25:54 GMT" time="0.977" errors="0">
  <testcase name="getListByCondition" time="0.130" classname="com.daojia.qa.dwf.BudgetServiceOfGetListByCondition"/>
  <testcase name="getListByCondition" time="0.090" classname="com.daojia.qa.dwf.BudgetServiceOfGetListByCondition"/>
  <testcase name="getListByCondition" time="0.082" classname="com.daojia.qa.dwf.BudgetServiceOfGetListByCondition"/>
  <testcase name="getListByCondition" time="0.106" classname="com.daojia.qa.dwf.BudgetServiceOfGetListByCondition"/>
  <testcase name="getListByCondition" time="0.077" classname="com.daojia.qa.dwf.BudgetServiceOfGetListByCondition"/>
  <testcase name="getListByCondition" time="0.078" classname="com.daojia.qa.dwf.BudgetServiceOfGetListByCondition"/>
  <testcase name="getListByCondition" time="0.078" classname="com.daojia.qa.dwf.BudgetServiceOfGetListByCondition"/>
  <testcase name="getListByCondition" time="0.081" classname="com.daojia.qa.dwf.BudgetServiceOfGetListByCondition"/>
  <testcase name="getListByCondition" time="0.087" classname="com.daojia.qa.dwf.BudgetServiceOfGetListByCondition"/>
  <testcase name="getListByCondition" time="0.081" classname="com.daojia.qa.dwf.BudgetServiceOfGetListByCondition"/>
  <testcase name="getListByCondition" time="0.087" classname="com.daojia.qa.dwf.BudgetServiceOfGetListByCondition"/>
</testsuite> <!-- com.daojia.qa.dwf.BudgetServiceOfGetListByCondition -->
