<?xml version="1.0" encoding="UTF-8"?>
<!-- Generated by org.testng.reporters.JUnitReportReporter -->
<testsuite hostname="daojia-PC" name="com.daojia.qa.dwf.budgetSupplementFormFlow" tests="4" failures="0" timestamp="24 Nov 2017 11:20:22 GMT" time="7.019" errors="0">
  <testcase name="submitBudgetSupplement" time="2.815" classname="com.daojia.qa.dwf.budgetSupplementFormFlow"/>
  <testcase name="recallMySubmitBudgetSupplementForm" time="1.407" classname="com.daojia.qa.dwf.budgetSupplementFormFlow"/>
  <testcase name="approveBudgetSupplementFormIsNoAgreen" time="1.807" classname="com.daojia.qa.dwf.budgetSupplementFormFlow"/>
  <testcase name="approveBudgetSupplementFormIsAgreen1" time="0.990" classname="com.daojia.qa.dwf.budgetSupplementFormFlow"/>
</testsuite> <!-- com.daojia.qa.dwf.budgetSupplementFormFlow -->
