<?xml version="1.0" encoding="UTF-8"?>
<!-- Generated by org.testng.reporters.JUnitReportReporter -->
<testsuite hostname="daojia-PC" name="com.daojia.qa.dwf.refundFormFlow" tests="6" failures="0" timestamp="24 Nov 2017 11:20:22 GMT" time="6.453" errors="0">
  <testcase name="approveRefundFormIsNoAgreen" time="2.209" classname="com.daojia.qa.dwf.refundFormFlow"/>
  <testcase name="submitRefundForm" time="0.702" classname="com.daojia.qa.dwf.refundFormFlow"/>
  <testcase name="RefundFormIsAgreen1" time="0.552" classname="com.daojia.qa.dwf.refundFormFlow"/>
  <testcase name="recallMySubmitRefundForm" time="2.033" classname="com.daojia.qa.dwf.refundFormFlow"/>
  <testcase name="personalBorrowFormIsAgreen1" time="0.300" classname="com.daojia.qa.dwf.refundFormFlow"/>
  <testcase name="submitPersonalBorrowForm" time="0.657" classname="com.daojia.qa.dwf.refundFormFlow"/>
</testsuite> <!-- com.daojia.qa.dwf.refundFormFlow -->
