<?xml version="1.0" encoding="UTF-8"?>
<!-- Generated by org.testng.reporters.JUnitReportReporter -->
<testsuite hostname="daojia-PC" name="com.daojia.qa.dwf.submitInvoiceApplyForm" tests="1" failures="0" timestamp="2 Apr 2018 08:48:10 GMT" time="1.125" errors="0">
  <testcase name="submitInvoiceApplyForm1" time="1.125" classname="com.daojia.qa.dwf.submitInvoiceApplyForm"/>
</testsuite> <!-- com.daojia.qa.dwf.submitInvoiceApplyForm -->
