<?xml version="1.0" encoding="UTF-8"?>
<!-- Generated by org.testng.reporters.JUnitReportReporter -->
<testsuite hostname="daojia-PC" name="com.daojia.qa.dwf.getInvoiceManager" tests="1" failures="0" timestamp="8 Apr 2018 09:41:46 GMT" time="0.666" errors="0">
  <testcase name="getInvoiceManager" time="0.666" classname="com.daojia.qa.dwf.getInvoiceManager"/>
</testsuite> <!-- com.daojia.qa.dwf.getInvoiceManager -->
