<?xml version="1.0" encoding="UTF-8"?>
<!-- Generated by org.testng.reporters.JUnitReportReporter -->
<testsuite hostname="daojia-PC" name="com.daojia.qa.dwf.travelApplyFormFlow" tests="4" failures="0" timestamp="24 Nov 2017 11:20:22 GMT" time="4.156" errors="0">
  <testcase name="submitTravelApplyForm" time="0.874" classname="com.daojia.qa.dwf.travelApplyFormFlow"/>
  <testcase name="recallMySubmitTravelApplyForm" time="1.067" classname="com.daojia.qa.dwf.travelApplyFormFlow"/>
  <testcase name="approveTravelApplyFormIsAgreen1" time="0.880" classname="com.daojia.qa.dwf.travelApplyFormFlow"/>
  <testcase name="approveTravelApplyFormIsNoAgreen" time="1.335" classname="com.daojia.qa.dwf.travelApplyFormFlow"/>
</testsuite> <!-- com.daojia.qa.dwf.travelApplyFormFlow -->
