<?xml version="1.0" encoding="UTF-8"?>
<!-- Generated by org.testng.reporters.JUnitReportReporter -->
<testsuite hostname="daojia-PC" name="com.daojia.qa.dwf.saveStampForm" tests="1" failures="0" timestamp="29 Mar 2018 02:30:47 GMT" time="0.912" errors="0">
  <testcase name="saveStampForm1" time="0.912" classname="com.daojia.qa.dwf.saveStampForm"/>
</testsuite> <!-- com.daojia.qa.dwf.saveStampForm -->
