<?xml version="1.0" encoding="UTF-8"?>
<!-- Generated by org.testng.reporters.JUnitReportReporter -->
<testsuite hostname="daojia-PC" name="com.daojia.qa.dwf.travelApplyFormNewFlow" tests="4" failures="0" timestamp="15 Jan 2018 02:45:12 GMT" time="2.732" errors="0">
  <testcase name="approveTravelApplyFormIsAgreen1" time="1.057" classname="com.daojia.qa.dwf.travelApplyFormNewFlow"/>
  <testcase name="submitTravelApplyForm1" time="0.481" classname="com.daojia.qa.dwf.travelApplyFormNewFlow"/>
  <testcase name="approveTravelApplyFormSignFJK" time="0.789" classname="com.daojia.qa.dwf.travelApplyFormNewFlow"/>
  <testcase name="approveTravelApplyFormIsReject1" time="0.405" classname="com.daojia.qa.dwf.travelApplyFormNewFlow"/>
</testsuite> <!-- com.daojia.qa.dwf.travelApplyFormNewFlow -->
