<?xml version="1.0" encoding="UTF-8"?>
<!-- Generated by org.testng.reporters.JUnitReportReporter -->
<testsuite hostname="daojia-PC" name="com.daojia.qa.dwf.saveTravelRepaymentForm" tests="22" failures="0" timestamp="16 Jan 2018 10:19:29 GMT" time="7.617" errors="0">
  <testcase name="saveTravelRepaymentForm1" time="0.163" classname="com.daojia.qa.dwf.saveTravelRepaymentForm"/>
  <testcase name="saveTravelRepaymentForm1" time="1.056" classname="com.daojia.qa.dwf.saveTravelRepaymentForm"/>
  <testcase name="saveTravelRepaymentForm1" time="0.174" classname="com.daojia.qa.dwf.saveTravelRepaymentForm"/>
  <testcase name="saveTravelRepaymentForm1" time="0.156" classname="com.daojia.qa.dwf.saveTravelRepaymentForm"/>
  <testcase name="saveTravelRepaymentForm1" time="0.190" classname="com.daojia.qa.dwf.saveTravelRepaymentForm"/>
  <testcase name="saveTravelRepaymentForm1" time="0.147" classname="com.daojia.qa.dwf.saveTravelRepaymentForm"/>
  <testcase name="saveTravelRepaymentForm1" time="0.173" classname="com.daojia.qa.dwf.saveTravelRepaymentForm"/>
  <testcase name="saveTravelRepaymentForm1" time="0.611" classname="com.daojia.qa.dwf.saveTravelRepaymentForm"/>
  <testcase name="saveTravelRepaymentForm1" time="0.172" classname="com.daojia.qa.dwf.saveTravelRepaymentForm"/>
  <testcase name="saveTravelRepaymentForm1" time="0.196" classname="com.daojia.qa.dwf.saveTravelRepaymentForm"/>
  <testcase name="saveTravelRepaymentForm1" time="0.137" classname="com.daojia.qa.dwf.saveTravelRepaymentForm"/>
  <testcase name="saveTravelRepaymentForm1" time="1.062" classname="com.daojia.qa.dwf.saveTravelRepaymentForm"/>
  <testcase name="saveTravelRepaymentForm1" time="1.040" classname="com.daojia.qa.dwf.saveTravelRepaymentForm"/>
  <testcase name="saveTravelRepaymentForm1" time="0.153" classname="com.daojia.qa.dwf.saveTravelRepaymentForm"/>
  <testcase name="saveTravelRepaymentForm1" time="0.153" classname="com.daojia.qa.dwf.saveTravelRepaymentForm"/>
  <testcase name="saveTravelRepaymentForm1" time="0.202" classname="com.daojia.qa.dwf.saveTravelRepaymentForm"/>
  <testcase name="saveTravelRepaymentForm1" time="0.172" classname="com.daojia.qa.dwf.saveTravelRepaymentForm"/>
  <testcase name="saveTravelRepaymentForm1" time="0.145" classname="com.daojia.qa.dwf.saveTravelRepaymentForm"/>
  <testcase name="saveTravelRepaymentForm1" time="0.134" classname="com.daojia.qa.dwf.saveTravelRepaymentForm"/>
  <testcase name="saveTravelRepaymentForm1" time="0.175" classname="com.daojia.qa.dwf.saveTravelRepaymentForm"/>
  <testcase name="saveTravelRepaymentForm1" time="1.058" classname="com.daojia.qa.dwf.saveTravelRepaymentForm"/>
  <testcase name="saveTravelRepaymentForm1" time="0.148" classname="com.daojia.qa.dwf.saveTravelRepaymentForm"/>
</testsuite> <!-- com.daojia.qa.dwf.saveTravelRepaymentForm -->
