<?xml version="1.0" encoding="UTF-8"?>
<!-- Generated by org.testng.reporters.JUnitReportReporter -->
<testsuite hostname="daojia-PC" name="com.daojia.qa.dwf.personalBorrowFormNewFlow" tests="4" failures="0" timestamp="15 Jan 2018 02:45:12 GMT" time="2.199" errors="0">
  <testcase name="approvePersonalBorrowFormSignFJK" time="0.865" classname="com.daojia.qa.dwf.personalBorrowFormNewFlow"/>
  <testcase name="approvePersonalBorrowFormIsReject1" time="0.471" classname="com.daojia.qa.dwf.personalBorrowFormNewFlow"/>
  <testcase name="submitPersonalBorrowForm1" time="0.473" classname="com.daojia.qa.dwf.personalBorrowFormNewFlow"/>
  <testcase name="approvePersonalBorrowFormIsAgreen1" time="0.390" classname="com.daojia.qa.dwf.personalBorrowFormNewFlow"/>
</testsuite> <!-- com.daojia.qa.dwf.personalBorrowFormNewFlow -->
