<?xml version="1.0" encoding="UTF-8"?>
<!-- Generated by org.testng.reporters.JUnitReportReporter -->
<testsuite hostname="daojia-PC" name="com.daojia.qa.dwf.submitRefundForm" tests="4" failures="0" timestamp="16 Jan 2018 10:21:16 GMT" time="1.564" errors="0">
  <testcase name="submitRefundForm1" time="0.647" classname="com.daojia.qa.dwf.submitRefundForm"/>
  <testcase name="submitRefundForm1" time="0.158" classname="com.daojia.qa.dwf.submitRefundForm"/>
  <testcase name="submitRefundForm1" time="0.165" classname="com.daojia.qa.dwf.submitRefundForm"/>
  <testcase name="submitRefundForm1" time="0.594" classname="com.daojia.qa.dwf.submitRefundForm"/>
</testsuite> <!-- com.daojia.qa.dwf.submitRefundForm -->
