<?xml version="1.0" encoding="UTF-8"?>
<!-- Generated by org.testng.reporters.JUnitReportReporter -->
<testsuite hostname="daojia-PC" name="com.daojia.qa.dwf.submitSpendingContractApplymentForm" tests="1" failures="0" timestamp="3 Apr 2018 03:23:13 GMT" time="0.825" errors="0">
  <testcase name="submitSpendingContractApplymentForm1" time="0.825" classname="com.daojia.qa.dwf.submitSpendingContractApplymentForm"/>
</testsuite> <!-- com.daojia.qa.dwf.submitSpendingContractApplymentForm -->
