<?xml version="1.0" encoding="UTF-8"?>
<!-- Generated by org.testng.reporters.JUnitReportReporter -->
<testsuite hostname="daojia-PC" name="com.daojia.qa.dwf.saveBudegtSupplementForm" tests="9" failures="0" timestamp="16 Jan 2018 10:19:29 GMT" time="2.044" errors="0">
  <testcase name="saveBudegtSupplementForm1" time="0.128" classname="com.daojia.qa.dwf.saveBudegtSupplementForm"/>
  <testcase name="saveBudegtSupplementForm1" time="0.131" classname="com.daojia.qa.dwf.saveBudegtSupplementForm"/>
  <testcase name="saveBudegtSupplementForm1" time="0.144" classname="com.daojia.qa.dwf.saveBudegtSupplementForm"/>
  <testcase name="saveBudegtSupplementForm1" time="0.908" classname="com.daojia.qa.dwf.saveBudegtSupplementForm"/>
  <testcase name="saveBudegtSupplementForm1" time="0.149" classname="com.daojia.qa.dwf.saveBudegtSupplementForm"/>
  <testcase name="saveBudegtSupplementForm1" time="0.146" classname="com.daojia.qa.dwf.saveBudegtSupplementForm"/>
  <testcase name="saveBudegtSupplementForm1" time="0.164" classname="com.daojia.qa.dwf.saveBudegtSupplementForm"/>
  <testcase name="saveBudegtSupplementForm1" time="0.123" classname="com.daojia.qa.dwf.saveBudegtSupplementForm"/>
  <testcase name="saveBudegtSupplementForm1" time="0.151" classname="com.daojia.qa.dwf.saveBudegtSupplementForm"/>
</testsuite> <!-- com.daojia.qa.dwf.saveBudegtSupplementForm -->
