<?xml version="1.0" encoding="UTF-8"?>
<!-- Generated by org.testng.reporters.JUnitReportReporter -->
<testsuite hostname="daojia-PC" name="com.daojia.qa.dwf.submitDailyRepaymentForm" tests="17" failures="0" timestamp="16 Jan 2018 10:23:42 GMT" time="8.745" errors="0">
  <testcase name="submitDailyRepaymentForm" time="0.152" classname="com.daojia.qa.dwf.submitDailyRepaymentForm"/>
  <testcase name="submitDailyRepaymentForm" time="0.150" classname="com.daojia.qa.dwf.submitDailyRepaymentForm"/>
  <testcase name="submitDailyRepaymentForm" time="0.154" classname="com.daojia.qa.dwf.submitDailyRepaymentForm"/>
  <testcase name="submitDailyRepaymentForm" time="0.127" classname="com.daojia.qa.dwf.submitDailyRepaymentForm"/>
  <testcase name="submitDailyRepaymentForm" time="0.952" classname="com.daojia.qa.dwf.submitDailyRepaymentForm"/>
  <testcase name="submitDailyRepaymentForm" time="0.598" classname="com.daojia.qa.dwf.submitDailyRepaymentForm"/>
  <testcase name="submitDailyRepaymentForm" time="1.164" classname="com.daojia.qa.dwf.submitDailyRepaymentForm"/>
  <testcase name="submitDailyRepaymentForm" time="0.126" classname="com.daojia.qa.dwf.submitDailyRepaymentForm"/>
  <testcase name="submitDailyRepaymentForm" time="0.126" classname="com.daojia.qa.dwf.submitDailyRepaymentForm"/>
  <testcase name="submitDailyRepaymentForm" time="0.523" classname="com.daojia.qa.dwf.submitDailyRepaymentForm"/>
  <testcase name="submitDailyRepaymentForm" time="0.757" classname="com.daojia.qa.dwf.submitDailyRepaymentForm"/>
  <testcase name="submitDailyRepaymentForm" time="1.074" classname="com.daojia.qa.dwf.submitDailyRepaymentForm"/>
  <testcase name="submitDailyRepaymentForm" time="0.148" classname="com.daojia.qa.dwf.submitDailyRepaymentForm"/>
  <testcase name="submitDailyRepaymentForm" time="1.096" classname="com.daojia.qa.dwf.submitDailyRepaymentForm"/>
  <testcase name="submitDailyRepaymentForm" time="0.501" classname="com.daojia.qa.dwf.submitDailyRepaymentForm"/>
  <testcase name="submitDailyRepaymentForm" time="0.133" classname="com.daojia.qa.dwf.submitDailyRepaymentForm"/>
  <testcase name="submitDailyRepaymentForm" time="0.964" classname="com.daojia.qa.dwf.submitDailyRepaymentForm"/>
</testsuite> <!-- com.daojia.qa.dwf.submitDailyRepaymentForm -->
