<?xml version="1.0" encoding="UTF-8"?>
<!-- Generated by org.testng.reporters.JUnitReportReporter -->
<testsuite hostname="daojia-PC" name="com.daojia.qa.dwf.submitPersonalBorrowForm" tests="5" failures="0" timestamp="16 Jan 2018 10:21:16 GMT" time="2.292" errors="0">
  <testcase name="submitPersonalBorrowForm1" time="0.151" classname="com.daojia.qa.dwf.submitPersonalBorrowForm"/>
  <testcase name="submitPersonalBorrowForm1" time="0.589" classname="com.daojia.qa.dwf.submitPersonalBorrowForm"/>
  <testcase name="submitPersonalBorrowForm1" time="0.594" classname="com.daojia.qa.dwf.submitPersonalBorrowForm"/>
  <testcase name="submitPersonalBorrowForm1" time="0.482" classname="com.daojia.qa.dwf.submitPersonalBorrowForm"/>
  <testcase name="submitPersonalBorrowForm1" time="0.476" classname="com.daojia.qa.dwf.submitPersonalBorrowForm"/>
</testsuite> <!-- com.daojia.qa.dwf.submitPersonalBorrowForm -->
