<?xml version="1.0" encoding="UTF-8"?>
<!-- Generated by org.testng.reporters.JUnitReportReporter -->
<testsuite hostname="daojia-PC" name="com.daojia.qa.dwf.submitTravelApplyForm" tests="1" failures="0" timestamp="16 Jan 2018 10:21:47 GMT" time="0.948" errors="0">
  <testcase name="submitTravelApplyForm1" time="0.948" classname="com.daojia.qa.dwf.submitTravelApplyForm"/>
</testsuite> <!-- com.daojia.qa.dwf.submitTravelApplyForm -->
