<?xml version="1.0" encoding="UTF-8"?>
<!-- Generated by org.testng.reporters.JUnitReportReporter -->
<testsuite hostname="daojia-PC" name="com.daojia.qa.dwf.dailyRepaymentFormNewFlow" tests="4" failures="0" timestamp="15 Jan 2018 02:45:12 GMT" time="4.368" errors="0">
  <testcase name="submitDailyRepaymentForm1" time="0.675" classname="com.daojia.qa.dwf.dailyRepaymentFormNewFlow"/>
  <testcase name="approveDailyRepaymentFormSignFJK" time="2.068" classname="com.daojia.qa.dwf.dailyRepaymentFormNewFlow"/>
  <testcase name="approveDailyRepaymentFormIsReject1" time="0.436" classname="com.daojia.qa.dwf.dailyRepaymentFormNewFlow"/>
  <testcase name="approveDailyRepaymentFormIsAgreen1" time="1.189" classname="com.daojia.qa.dwf.dailyRepaymentFormNewFlow"/>
</testsuite> <!-- com.daojia.qa.dwf.dailyRepaymentFormNewFlow -->
