<?xml version="1.0" encoding="UTF-8"?>
<!-- Generated by org.testng.reporters.JUnitReportReporter -->
<testsuite hostname="daojia-PC" name="com.daojia.qa.dwf.getVehicleenum" tests="1" failures="0" timestamp="16 Jan 2018 10:58:42 GMT" time="0.577" errors="0">
  <testcase name="getVehicleenum1" time="0.577" classname="com.daojia.qa.dwf.getVehicleenum"/>
</testsuite> <!-- com.daojia.qa.dwf.getVehicleenum -->
