<?xml version="1.0" encoding="UTF-8"?>
<!-- Generated by org.testng.reporters.JUnitReportReporter -->
<testsuite hostname="daojia-PC" name="com.daojia.qa.dwf.dailyRepaymentFormFlow" tests="4" failures="0" timestamp="24 Nov 2017 11:20:22 GMT" time="7.174" errors="0">
  <testcase name="approveDailyRepaymentFormIsNoAgreen" time="1.762" classname="com.daojia.qa.dwf.dailyRepaymentFormFlow"/>
  <testcase name="recallMySubmitDailyRepaymentForm" time="1.732" classname="com.daojia.qa.dwf.dailyRepaymentFormFlow"/>
  <testcase name="approveDailyRepaymentFormIsAgreen1" time="2.562" classname="com.daojia.qa.dwf.dailyRepaymentFormFlow"/>
  <testcase name="submitDailyRepaymentForm" time="1.118" classname="com.daojia.qa.dwf.dailyRepaymentFormFlow"/>
</testsuite> <!-- com.daojia.qa.dwf.dailyRepaymentFormFlow -->
