<?xml version="1.0" encoding="UTF-8"?>
<!-- Generated by org.testng.reporters.JUnitReportReporter -->
<testsuite hostname="daojia-PC" name="com.daojia.qa.dwf.Fileupload" tests="1" failures="0" timestamp="24 Nov 2017 11:06:31 GMT" time="0.605" errors="0">
  <testcase name="fileupload" time="0.605" classname="com.daojia.qa.dwf.Fileupload"/>
</testsuite> <!-- com.daojia.qa.dwf.Fileupload -->
