<?xml version="1.0" encoding="UTF-8"?>
<!-- Generated by org.testng.reporters.JUnitReportReporter -->
<testsuite hostname="daojia-PC" name="com.daojia.qa.dwf.checkBudgetForTravelRepayment" tests="1" failures="0" timestamp="26 Jan 2018 10:59:02 GMT" time="0.610" errors="0">
  <testcase name="checkBudgetForTravelRepayment1" time="0.610" classname="com.daojia.qa.dwf.checkBudgetForTravelRepayment"/>
</testsuite> <!-- com.daojia.qa.dwf.checkBudgetForTravelRepayment -->
