<?xml version="1.0" encoding="UTF-8"?>
<!-- Generated by org.testng.reporters.JUnitReportReporter -->
<testsuite hostname="daojia-PC" name="submitSettlementContractApplymentFormFlow" tests="2" failures="0" timestamp="3 Apr 2018 03:41:48 GMT" time="2.308" errors="0">
  <testcase name="submitSettlementContractApplymentForm" time="1.007" classname="submitSettlementContractApplymentFormFlow"/>
  <testcase name="approveTravelApplyFormIsAgreen1" time="1.301" classname="submitSettlementContractApplymentFormFlow"/>
</testsuite> <!-- submitSettlementContractApplymentFormFlow -->
